<?xml version="1.0" encoding="UTF-8"?>
<!-- Generated by org.testng.reporters.JUnitXMLReporter -->
<testsuite ignored="0" hostname="DESKTOP-V939PNC" failures="1" tests="4" name="Login Functional Tests" time="56.554" errors="0" timestamp="2025-08-02T17:49:43 IST">
  <testcase classname="com.Janitri.Innovations.tests.LoginTest" name="testElementsPresentOnPage" time="0.548"/>
  <testcase classname="com.Janitri.Innovations.tests.LoginTest" name="testInvalidLoginShowErrorMsg" time="5.485"/>
  <testcase classname="com.Janitri.Innovations.tests.LoginTest" name="testLoginButtonDisabledWhenFieldAreEmpty" time="0.685">
    <failure type="java.lang.AssertionError" message="Login button should be disabled when fields are empty. expected [false] but found [true]">
      <![CDATA[java.lang.AssertionError: Login button should be disabled when fields are empty. expected [false] but found [true]
at com.Janitri.Innovations.tests.LoginTest.testLoginButtonDisabledWhenFieldAreEmpty(LoginTest.java:22)
at java.base/java.util.ArrayList.forEach(ArrayList.java:1511)
at com.Janitri.Innovations.TestNGRunner.main(TestNGRunner.java:14)
... Removed 27 stack frames]]>
    </failure>
  </testcase> <!-- testLoginButtonDisabledWhenFieldAreEmpty -->
  <testcase classname="com.Janitri.Innovations.tests.LoginTest" name="testPasswordMaskedbutton" time="2.698"/>
</testsuite> <!-- Login Functional Tests -->
